0 info it worked if it ends with ok
1 verbose cli [ '/usr/bin/nodejs', '/usr/bin/npm', 'install' ]
2 info using npm@1.3.10
3 info using node@v0.10.25
4 warn package.json base@0.0.0 No description
5 warn package.json base@0.0.0 No README data
6 verbose readDependencies using package.json deps
7 verbose install where, deps [ '/home/benjamin/git/GameOfLifeAndDeath',
7 verbose install   [ 'jquery', 'mustache', 'semantic-ui-css', 'senna' ] ]
8 info preinstall base@0.0.0
9 verbose readDependencies using package.json deps
10 verbose already installed skipping semantic-ui-css@^2.1.6 /home/benjamin/git/GameOfLifeAndDeath
11 verbose already installed skipping senna@^0.4.1 /home/benjamin/git/GameOfLifeAndDeath
12 verbose already installed skipping jquery@^2.1.4 /home/benjamin/git/GameOfLifeAndDeath
13 verbose already installed skipping mustache@^2.2.1 /home/benjamin/git/GameOfLifeAndDeath
14 silly resolved []
15 info build /home/benjamin/git/GameOfLifeAndDeath
16 verbose linkStuff [ false, false, false, '/home/benjamin/git' ]
17 info linkStuff base@0.0.0
18 verbose linkBins base@0.0.0
19 verbose linkMans base@0.0.0
20 verbose rebuildBundles base@0.0.0
21 verbose rebuildBundles [ '.bin',
21 verbose rebuildBundles   'browser-sync',
21 verbose rebuildBundles   'gulp',
21 verbose rebuildBundles   'gulp-sass',
21 verbose rebuildBundles   'jquery',
21 verbose rebuildBundles   'mustache',
21 verbose rebuildBundles   'semantic-ui-css',
21 verbose rebuildBundles   'senna' ]
22 verbose rebuild bundle /home/benjamin/git/GameOfLifeAndDeath/node_modules/browser-sync
23 info build /home/benjamin/git/GameOfLifeAndDeath/node_modules/browser-sync
24 info preinstall browser-sync@2.11.0
25 verbose linkStuff [ false,
25 verbose linkStuff   false,
25 verbose linkStuff   false,
25 verbose linkStuff   '/home/benjamin/git/GameOfLifeAndDeath/node_modules' ]
26 info linkStuff browser-sync@2.11.0
27 verbose linkBins browser-sync@2.11.0
28 verbose link bins [ { 'browser-sync': 'bin/browser-sync.js' },
28 verbose link bins   '/home/benjamin/git/GameOfLifeAndDeath/node_modules/.bin',
28 verbose link bins   false ]
29 verbose linkMans browser-sync@2.11.0
30 verbose rebuildBundles browser-sync@2.11.0
31 verbose rebuildBundles [ '.bin',
31 verbose rebuildBundles   'async-each-series',
31 verbose rebuildBundles   'browser-sync-client',
31 verbose rebuildBundles   'browser-sync-ui',
31 verbose rebuildBundles   'bs-recipes',
31 verbose rebuildBundles   'chokidar',
31 verbose rebuildBundles   'connect',
31 verbose rebuildBundles   'dev-ip',
31 verbose rebuildBundles   'easy-extender',
31 verbose rebuildBundles   'eazy-logger',
31 verbose rebuildBundles   'emitter-steward',
31 verbose rebuildBundles   'foxy',
31 verbose rebuildBundles   'fs-extra',
31 verbose rebuildBundles   'immutable',
31 verbose rebuildBundles   'localtunnel',
31 verbose rebuildBundles   'lodash',
31 verbose rebuildBundles   'longest',
31 verbose rebuildBundles   'meow',
31 verbose rebuildBundles   'micromatch',
31 verbose rebuildBundles   'opn',
31 verbose rebuildBundles   'portscanner',
31 verbose rebuildBundles   'query-string',
31 verbose rebuildBundles   'resp-modifier',
31 verbose rebuildBundles   'serve-index',
31 verbose rebuildBundles   'serve-static',
31 verbose rebuildBundles   'socket.io',
31 verbose rebuildBundles   'ua-parser-js',
31 verbose rebuildBundles   'ucfirst' ]
32 error Error: EACCES, unlink '/home/benjamin/git/GameOfLifeAndDeath/node_modules/.bin/browser-sync'
32 error  { [Error: EACCES, unlink '/home/benjamin/git/GameOfLifeAndDeath/node_modules/.bin/browser-sync']
32 error   errno: 3,
32 error   code: 'EACCES',
32 error   path: '/home/benjamin/git/GameOfLifeAndDeath/node_modules/.bin/browser-sync' }
33 error Please try running this command again as root/Administrator.
34 error System Linux 3.19.0-43-generic
35 error command "/usr/bin/nodejs" "/usr/bin/npm" "install"
36 error cwd /home/benjamin/git/GameOfLifeAndDeath
37 error node -v v0.10.25
38 error npm -v 1.3.10
39 error path /home/benjamin/git/GameOfLifeAndDeath/node_modules/.bin/browser-sync
40 error code EACCES
41 error errno 3
42 error stack Error: EACCES, unlink '/home/benjamin/git/GameOfLifeAndDeath/node_modules/.bin/browser-sync'
43 verbose exit [ 3, true ]
